


ARM Macro Assembler    Page 1 


    1 00000000         ;/******************************************************
                       ********************//**
    2 00000000         ; * @file     startup_CMSDK_CM0.s
    3 00000000         ; * @brief    CMSIS Cortex-M0 Core Device Startup File f
                       or
    4 00000000         ; *           Device CMSDK_CM0
    5 00000000         ; * @version  V3.01
    6 00000000         ; * @date     06. March 2012
    7 00000000         ; *
    8 00000000         ; * @note
    9 00000000         ; * Copyright (C) 2012 ARM Limited. All rights reserved.
                       
   10 00000000         ; *
   11 00000000         ; * @par
   12 00000000         ; * ARM Limited (ARM) is supplying this software for use
                        with Cortex-M
   13 00000000         ; * processor based microcontrollers.  This file can be 
                       freely distributed
   14 00000000         ; * within development tools that are supporting such AR
                       M based processors.
   15 00000000         ; *
   16 00000000         ; * @par
   17 00000000         ; * THIS SOFTWARE IS PROVIDED "AS IS".  NO WARRANTIES, W
                       HETHER EXPRESS, IMPLIED
   18 00000000         ; * OR STATUTORY, INCLUDING, BUT NOT LIMITED TO, IMPLIED
                        WARRANTIES OF
   19 00000000         ; * MERCHANTABILITY AND FITNESS FOR A PARTICULAR PURPOSE
                        APPLY TO THIS SOFTWARE.
   20 00000000         ; * ARM SHALL NOT, IN ANY CIRCUMSTANCES, BE LIABLE FOR S
                       PECIAL, INCIDENTAL, OR
   21 00000000         ; * CONSEQUENTIAL DAMAGES, FOR ANY REASON WHATSOEVER.
   22 00000000         ; *
   23 00000000         ; ******************************************************
                       ************************/
   24 00000000         ;/*
   25 00000000         ;//-------- <<< Use Configuration Wizard in Context Menu
                        >>> ------------------
   26 00000000         ;*/
   27 00000000         
   28 00000000         
   29 00000000         ; <h> Stack Configuration
   30 00000000         ;   <o> Stack Size (in Bytes) <0x0-0xFFFFFFFF:8>
   31 00000000         ; </h>
   32 00000000         
   33 00000000 00000200 
                       Stack_Size
                               EQU              0x00000200
   34 00000000         
   35 00000000                 AREA             STACK, NOINIT, READWRITE, ALIGN
=3
   36 00000000         Stack_Mem
                               SPACE            Stack_Size
   37 00000200         __initial_sp
   38 00000200         
   39 00000200         
   40 00000200         ; <h> Heap Configuration
   41 00000200         ;   <o>  Heap Size (in Bytes) <0x0-0xFFFFFFFF:8>
   42 00000200         ; </h>
   43 00000200         



ARM Macro Assembler    Page 2 


   44 00000200 00000100 
                       Heap_Size
                               EQU              0x00000100
   45 00000200         
   46 00000200                 AREA             HEAP, NOINIT, READWRITE, ALIGN=
3
   47 00000000         __heap_base
   48 00000000         Heap_Mem
                               SPACE            Heap_Size
   49 00000100         __heap_limit
   50 00000100         
   51 00000100         
   52 00000100                 PRESERVE8
   53 00000100                 THUMB
   54 00000100         
   55 00000100         
   56 00000100         ; Vector Table Mapped to Address 0 at Reset
   57 00000100         
   58 00000100                 AREA             RESET, DATA, READONLY
   59 00000000                 EXPORT           __Vectors
   60 00000000                 EXPORT           __Vectors_End
   61 00000000                 EXPORT           __Vectors_Size
   62 00000000         
   63 00000000 00000000 
                       __Vectors
                               DCD              __initial_sp ; Top of Stack
   64 00000004 00000000        DCD              Reset_Handler ; Reset Handler
   65 00000008 00000000        DCD              NMI_Handler ; NMI Handler
   66 0000000C 00000000        DCD              HardFault_Handler ; Hard Fault 
                                                            Handler
   67 00000010 00000000        DCD              0           ; Reserved
   68 00000014 00000000        DCD              0           ; Reserved
   69 00000018 00000000        DCD              0           ; Reserved
   70 0000001C 00000000        DCD              0           ; Reserved
   71 00000020 00000000        DCD              0           ; Reserved
   72 00000024 00000000        DCD              0           ; Reserved
   73 00000028 00000000        DCD              0           ; Reserved
   74 0000002C 00000000        DCD              SVC_Handler ; SVCall Handler
   75 00000030 00000000        DCD              0           ; Reserved
   76 00000034 00000000        DCD              0           ; Reserved
   77 00000038 00000000        DCD              PendSV_Handler ; PendSV Handler
                                                            
   78 0000003C 00000000        DCD              SysTick_Handler 
                                                            ; SysTick Handler
   79 00000040 00000000        DCD              UARTRX0_Handler 
                                                            ; UART 0 RX Handler
                                                            
   80 00000044 00000000        DCD              UARTTX0_Handler 
                                                            ; UART 0 TX Handler
                                                            
   81 00000048 00000000        DCD              UARTRX1_Handler 
                                                            ; UART 1 RX Handler
                                                            
   82 0000004C 00000000        DCD              UARTTX1_Handler 
                                                            ; UART 1 TX Handler
                                                            
   83 00000050 00000000        DCD              UARTRX2_Handler 
                                                            ; UART 2 RX Handler
                                                            



ARM Macro Assembler    Page 3 


   84 00000054 00000000        DCD              UARTTX2_Handler 
                                                            ; UART 2 TX Handler
                                                            
   85 00000058 00000000        DCD              PORT0_COMB_Handler ; GPIO Port 
                                                            0 Combined Handler
   86 0000005C 00000000        DCD              PORT1_COMB_Handler ; GPIO Port 
                                                            1 Combined Handler
   87 00000060 00000000        DCD              TIMER0_Handler 
                                                            ; TIMER 0 handler
   88 00000064 00000000        DCD              TIMER1_Handler 
                                                            ; TIMER 1 handler
   89 00000068 00000000        DCD              DUALTIMER_HANDLER ; Dual timer 
                                                            handler
   90 0000006C 00000000        DCD              0           ; Reserved
   91 00000070 00000000        DCD              UARTOVF0_Handler ; UART 0 Overf
                                                            low Handler
   92 00000074 00000000        DCD              UARTOVF1_Handler ; UART 1 Overf
                                                            low Handler
   93 00000078 00000000        DCD              UARTOVF2_Handler ; UART 2 Overf
                                                            low Handler
   94 0000007C 00000000        DCD              DMA_Handler ; DMA handler
   95 00000080 00000000        DCD              PORT0_0_Handler ; GPIO Port 0 p
                                                            in 0 Handler
   96 00000084 00000000        DCD              PORT0_1_Handler ; GPIO Port 0 p
                                                            in 1 Handler
   97 00000088 00000000        DCD              PORT0_2_Handler ; GPIO Port 0 p
                                                            in 2 Handler
   98 0000008C 00000000        DCD              PORT0_3_Handler ; GPIO Port 0 p
                                                            in 3 Handler
   99 00000090 00000000        DCD              PORT0_4_Handler ; GPIO Port 0 p
                                                            in 4 Handler
  100 00000094 00000000        DCD              PORT0_5_Handler ; GPIO Port 0 p
                                                            in 5 Handler
  101 00000098 00000000        DCD              PORT0_6_Handler ; GPIO Port 0 p
                                                            in 6 Handler
  102 0000009C 00000000        DCD              PORT0_7_Handler ; GPIO Port 0 p
                                                            in 7 Handler
  103 000000A0 00000000        DCD              PORT0_8_Handler ; GPIO Port 0 p
                                                            in 8 Handler
  104 000000A4 00000000        DCD              PORT0_9_Handler ; GPIO Port 0 p
                                                            in 9 Handler
  105 000000A8 00000000        DCD              PORT0_10_Handler ; GPIO Port 0 
                                                            pin 10 Handler
  106 000000AC 00000000        DCD              PORT0_11_Handler ; GPIO Port 0 
                                                            pin 11 Handler
  107 000000B0 00000000        DCD              PORT0_12_Handler ; GPIO Port 0 
                                                            pin 12 Handler
  108 000000B4 00000000        DCD              PORT0_13_Handler ; GPIO Port 0 
                                                            pin 13 Handler
  109 000000B8 00000000        DCD              PORT0_14_Handler ; GPIO Port 0 
                                                            pin 14 Handler
  110 000000BC 00000000        DCD              PORT0_15_Handler ; GPIO Port 0 
                                                            pin 15 Handler
  111 000000C0         __Vectors_End
  112 000000C0         
  113 000000C0 000000C0 
                       __Vectors_Size
                               EQU              __Vectors_End - __Vectors
  114 000000C0         



ARM Macro Assembler    Page 4 


  115 000000C0                 AREA             |.text|, CODE, READONLY
  116 00000000         
  117 00000000         
  118 00000000         ; Reset Handler
  119 00000000         
  120 00000000         Reset_Handler
                               PROC
  121 00000000                 EXPORT           Reset_Handler             [WEAK
]
  122 00000000                 IMPORT           SystemInit
  123 00000000                 IMPORT           __main
  124 00000000 4807            LDR              R0, =SystemInit
  125 00000002 4780            BLX              R0
  126 00000004 4807            LDR              R0, =__main
  127 00000006 4700            BX               R0
  128 00000008                 ENDP
  129 00000008         
  130 00000008         
  131 00000008         ; Dummy Exception Handlers (infinite loops which can be 
                       modified)
  132 00000008         
  133 00000008         NMI_Handler
                               PROC
  134 00000008                 EXPORT           NMI_Handler               [WEAK
]
  135 00000008 E7FE            B                .
  136 0000000A                 ENDP
  138 0000000A         HardFault_Handler
                               PROC
  139 0000000A                 EXPORT           HardFault_Handler         [WEAK
]
  140 0000000A E7FE            B                .
  141 0000000C                 ENDP
  142 0000000C         SVC_Handler
                               PROC
  143 0000000C                 EXPORT           SVC_Handler               [WEAK
]
  144 0000000C E7FE            B                .
  145 0000000E                 ENDP
  146 0000000E         PendSV_Handler
                               PROC
  147 0000000E                 EXPORT           PendSV_Handler            [WEAK
]
  148 0000000E E7FE            B                .
  149 00000010                 ENDP
  150 00000010         SysTick_Handler
                               PROC
  151 00000010                 EXPORT           SysTick_Handler            [WEA
K]
  152 00000010 E7FE            B                .
  153 00000012                 ENDP
  154 00000012         Default_Handler
                               PROC
  155 00000012                 EXPORT           UARTRX0_Handler            [WEA
K]
  156 00000012                 EXPORT           UARTTX0_Handler            [WEA
K]
  157 00000012                 EXPORT           UARTRX1_Handler            [WEA
K]



ARM Macro Assembler    Page 5 


  158 00000012                 EXPORT           UARTTX1_Handler            [WEA
K]
  159 00000012                 EXPORT           UARTRX2_Handler            [WEA
K]
  160 00000012                 EXPORT           UARTTX2_Handler            [WEA
K]
  161 00000012                 EXPORT           PORT0_COMB_Handler         [WEA
K]
  162 00000012                 EXPORT           PORT1_COMB_Handler         [WEA
K]
  163 00000012                 EXPORT           TIMER0_Handler             [WEA
K]
  164 00000012                 EXPORT           TIMER1_Handler             [WEA
K]
  165 00000012                 EXPORT           DUALTIMER_HANDLER          [WEA
K]
  166 00000012                 EXPORT           UARTOVF0_Handler           [WEA
K]
  167 00000012                 EXPORT           UARTOVF1_Handler           [WEA
K]
  168 00000012                 EXPORT           UARTOVF2_Handler           [WEA
K]
  169 00000012                 EXPORT           DMA_Handler                [WEA
K]
  170 00000012                 EXPORT           PORT0_0_Handler            [WEA
K]
  171 00000012                 EXPORT           PORT0_1_Handler            [WEA
K]
  172 00000012                 EXPORT           PORT0_2_Handler            [WEA
K]
  173 00000012                 EXPORT           PORT0_3_Handler            [WEA
K]
  174 00000012                 EXPORT           PORT0_4_Handler            [WEA
K]
  175 00000012                 EXPORT           PORT0_5_Handler            [WEA
K]
  176 00000012                 EXPORT           PORT0_6_Handler            [WEA
K]
  177 00000012                 EXPORT           PORT0_7_Handler            [WEA
K]
  178 00000012                 EXPORT           PORT0_8_Handler            [WEA
K]
  179 00000012                 EXPORT           PORT0_9_Handler            [WEA
K]
  180 00000012                 EXPORT           PORT0_10_Handler           [WEA
K]
  181 00000012                 EXPORT           PORT0_11_Handler           [WEA
K]
  182 00000012                 EXPORT           PORT0_12_Handler           [WEA
K]
  183 00000012                 EXPORT           PORT0_13_Handler           [WEA
K]
  184 00000012                 EXPORT           PORT0_14_Handler           [WEA
K]
  185 00000012                 EXPORT           PORT0_15_Handler           [WEA
K]
  186 00000012         UARTRX0_Handler
  187 00000012         UARTTX0_Handler
  188 00000012         UARTRX1_Handler



ARM Macro Assembler    Page 6 


  189 00000012         UARTTX1_Handler
  190 00000012         UARTRX2_Handler
  191 00000012         UARTTX2_Handler
  192 00000012         PORT0_COMB_Handler
  193 00000012         PORT1_COMB_Handler
  194 00000012         TIMER0_Handler
  195 00000012         TIMER1_Handler
  196 00000012         DUALTIMER_HANDLER
  197 00000012         UARTOVF0_Handler
  198 00000012         UARTOVF1_Handler
  199 00000012         UARTOVF2_Handler
  200 00000012         DMA_Handler
  201 00000012         PORT0_0_Handler
  202 00000012         PORT0_1_Handler
  203 00000012         PORT0_2_Handler
  204 00000012         PORT0_3_Handler
  205 00000012         PORT0_4_Handler
  206 00000012         PORT0_5_Handler
  207 00000012         PORT0_6_Handler
  208 00000012         PORT0_7_Handler
  209 00000012         PORT0_8_Handler
  210 00000012         PORT0_9_Handler
  211 00000012         PORT0_10_Handler
  212 00000012         PORT0_11_Handler
  213 00000012         PORT0_12_Handler
  214 00000012         PORT0_13_Handler
  215 00000012         PORT0_14_Handler
  216 00000012         PORT0_15_Handler
  217 00000012 E7FE            B                .
  218 00000014                 ENDP
  219 00000014         
  220 00000014         
  221 00000014                 ALIGN
  222 00000014         
  223 00000014         
  224 00000014         ; User Initial Stack & Heap
  225 00000014         
  226 00000014                 IF               :DEF:__MICROLIB
  233 00000014         
  234 00000014                 IMPORT           __use_two_region_memory
  235 00000014                 EXPORT           __user_initial_stackheap
  236 00000014         
  237 00000014         __user_initial_stackheap
                               PROC
  238 00000014 4804            LDR              R0, =  Heap_Mem
  239 00000016 4905            LDR              R1, =(Stack_Mem + Stack_Size)
  240 00000018 4A05            LDR              R2, = (Heap_Mem +  Heap_Size)
  241 0000001A 4B06            LDR              R3, = Stack_Mem
  242 0000001C 4770            BX               LR
  243 0000001E                 ENDP
  244 0000001E         
  245 0000001E 00 00           ALIGN
  246 00000020         
  247 00000020                 ENDIF
  248 00000020         
  249 00000020         
  250 00000020                 END
              00000000 
              00000000 



ARM Macro Assembler    Page 7 


              00000000 
              00000200 
              00000100 
              00000000 
Command Line: --debug --xref --diag_suppress=9931 --cpu=Cortex-M0 --apcs=interw
ork --depend=.\objects\startup_cmsdk_cm0.d -o.\objects\startup_cmsdk_cm0.o -I.\
RTE\_Target_1 -I"C:\Users\Loo Tan Rong\AppData\Local\Arm\Packs\Keil\V2M-MPS2_CM
x_BSP\1.7.0\Device\CMSDK_CM0\Include" -IC:\Keil_v5\ARM\CMSIS\Include --predefin
e="__EVAL SETA 1" --predefine="__UVISION_VERSION SETA 528" --predefine="CMSDK_C
M0 SETA 1" --list=.\listings\startup_cmsdk_cm0.lst software\cmsis\Device\ARM\CM
SDK_CM0\Source\ARM\startup_CMSDK_CM0.s



ARM Macro Assembler    Page 1 Alphabetic symbol ordering
Relocatable symbols

STACK 00000000

Symbol: STACK
   Definitions
      At line 35 in file software\cmsis\Device\ARM\CMSDK_CM0\Source\ARM\startup
_CMSDK_CM0.s
   Uses
      None
Comment: STACK unused
Stack_Mem 00000000

Symbol: Stack_Mem
   Definitions
      At line 36 in file software\cmsis\Device\ARM\CMSDK_CM0\Source\ARM\startup
_CMSDK_CM0.s
   Uses
      At line 239 in file software\cmsis\Device\ARM\CMSDK_CM0\Source\ARM\startu
p_CMSDK_CM0.s
      At line 241 in file software\cmsis\Device\ARM\CMSDK_CM0\Source\ARM\startu
p_CMSDK_CM0.s

__initial_sp 00000200

Symbol: __initial_sp
   Definitions
      At line 37 in file software\cmsis\Device\ARM\CMSDK_CM0\Source\ARM\startup
_CMSDK_CM0.s
   Uses
      At line 63 in file software\cmsis\Device\ARM\CMSDK_CM0\Source\ARM\startup
_CMSDK_CM0.s
Comment: __initial_sp used once
3 symbols



ARM Macro Assembler    Page 1 Alphabetic symbol ordering
Relocatable symbols

HEAP 00000000

Symbol: HEAP
   Definitions
      At line 46 in file software\cmsis\Device\ARM\CMSDK_CM0\Source\ARM\startup
_CMSDK_CM0.s
   Uses
      None
Comment: HEAP unused
Heap_Mem 00000000

Symbol: Heap_Mem
   Definitions
      At line 48 in file software\cmsis\Device\ARM\CMSDK_CM0\Source\ARM\startup
_CMSDK_CM0.s
   Uses
      At line 238 in file software\cmsis\Device\ARM\CMSDK_CM0\Source\ARM\startu
p_CMSDK_CM0.s
      At line 240 in file software\cmsis\Device\ARM\CMSDK_CM0\Source\ARM\startu
p_CMSDK_CM0.s

__heap_base 00000000

Symbol: __heap_base
   Definitions
      At line 47 in file software\cmsis\Device\ARM\CMSDK_CM0\Source\ARM\startup
_CMSDK_CM0.s
   Uses
      None
Comment: __heap_base unused
__heap_limit 00000100

Symbol: __heap_limit
   Definitions
      At line 49 in file software\cmsis\Device\ARM\CMSDK_CM0\Source\ARM\startup
_CMSDK_CM0.s
   Uses
      None
Comment: __heap_limit unused
4 symbols



ARM Macro Assembler    Page 1 Alphabetic symbol ordering
Relocatable symbols

RESET 00000000

Symbol: RESET
   Definitions
      At line 58 in file software\cmsis\Device\ARM\CMSDK_CM0\Source\ARM\startup
_CMSDK_CM0.s
   Uses
      None
Comment: RESET unused
__Vectors 00000000

Symbol: __Vectors
   Definitions
      At line 63 in file software\cmsis\Device\ARM\CMSDK_CM0\Source\ARM\startup
_CMSDK_CM0.s
   Uses
      At line 59 in file software\cmsis\Device\ARM\CMSDK_CM0\Source\ARM\startup
_CMSDK_CM0.s
      At line 113 in file software\cmsis\Device\ARM\CMSDK_CM0\Source\ARM\startu
p_CMSDK_CM0.s

__Vectors_End 000000C0

Symbol: __Vectors_End
   Definitions
      At line 111 in file software\cmsis\Device\ARM\CMSDK_CM0\Source\ARM\startu
p_CMSDK_CM0.s
   Uses
      At line 60 in file software\cmsis\Device\ARM\CMSDK_CM0\Source\ARM\startup
_CMSDK_CM0.s
      At line 113 in file software\cmsis\Device\ARM\CMSDK_CM0\Source\ARM\startu
p_CMSDK_CM0.s

3 symbols



ARM Macro Assembler    Page 1 Alphabetic symbol ordering
Relocatable symbols

.text 00000000

Symbol: .text
   Definitions
      At line 115 in file software\cmsis\Device\ARM\CMSDK_CM0\Source\ARM\startu
p_CMSDK_CM0.s
   Uses
      None
Comment: .text unused
DMA_Handler 00000012

Symbol: DMA_Handler
   Definitions
      At line 200 in file software\cmsis\Device\ARM\CMSDK_CM0\Source\ARM\startu
p_CMSDK_CM0.s
   Uses
      At line 94 in file software\cmsis\Device\ARM\CMSDK_CM0\Source\ARM\startup
_CMSDK_CM0.s
      At line 169 in file software\cmsis\Device\ARM\CMSDK_CM0\Source\ARM\startu
p_CMSDK_CM0.s

DUALTIMER_HANDLER 00000012

Symbol: DUALTIMER_HANDLER
   Definitions
      At line 196 in file software\cmsis\Device\ARM\CMSDK_CM0\Source\ARM\startu
p_CMSDK_CM0.s
   Uses
      At line 89 in file software\cmsis\Device\ARM\CMSDK_CM0\Source\ARM\startup
_CMSDK_CM0.s
      At line 165 in file software\cmsis\Device\ARM\CMSDK_CM0\Source\ARM\startu
p_CMSDK_CM0.s

Default_Handler 00000012

Symbol: Default_Handler
   Definitions
      At line 154 in file software\cmsis\Device\ARM\CMSDK_CM0\Source\ARM\startu
p_CMSDK_CM0.s
   Uses
      None
Comment: Default_Handler unused
HardFault_Handler 0000000A

Symbol: HardFault_Handler
   Definitions
      At line 138 in file software\cmsis\Device\ARM\CMSDK_CM0\Source\ARM\startu
p_CMSDK_CM0.s
   Uses
      At line 66 in file software\cmsis\Device\ARM\CMSDK_CM0\Source\ARM\startup
_CMSDK_CM0.s
      At line 139 in file software\cmsis\Device\ARM\CMSDK_CM0\Source\ARM\startu
p_CMSDK_CM0.s

NMI_Handler 00000008

Symbol: NMI_Handler
   Definitions
      At line 133 in file software\cmsis\Device\ARM\CMSDK_CM0\Source\ARM\startu



ARM Macro Assembler    Page 2 Alphabetic symbol ordering
Relocatable symbols

p_CMSDK_CM0.s
   Uses
      At line 65 in file software\cmsis\Device\ARM\CMSDK_CM0\Source\ARM\startup
_CMSDK_CM0.s
      At line 134 in file software\cmsis\Device\ARM\CMSDK_CM0\Source\ARM\startu
p_CMSDK_CM0.s

PORT0_0_Handler 00000012

Symbol: PORT0_0_Handler
   Definitions
      At line 201 in file software\cmsis\Device\ARM\CMSDK_CM0\Source\ARM\startu
p_CMSDK_CM0.s
   Uses
      At line 95 in file software\cmsis\Device\ARM\CMSDK_CM0\Source\ARM\startup
_CMSDK_CM0.s
      At line 170 in file software\cmsis\Device\ARM\CMSDK_CM0\Source\ARM\startu
p_CMSDK_CM0.s

PORT0_10_Handler 00000012

Symbol: PORT0_10_Handler
   Definitions
      At line 211 in file software\cmsis\Device\ARM\CMSDK_CM0\Source\ARM\startu
p_CMSDK_CM0.s
   Uses
      At line 105 in file software\cmsis\Device\ARM\CMSDK_CM0\Source\ARM\startu
p_CMSDK_CM0.s
      At line 180 in file software\cmsis\Device\ARM\CMSDK_CM0\Source\ARM\startu
p_CMSDK_CM0.s

PORT0_11_Handler 00000012

Symbol: PORT0_11_Handler
   Definitions
      At line 212 in file software\cmsis\Device\ARM\CMSDK_CM0\Source\ARM\startu
p_CMSDK_CM0.s
   Uses
      At line 106 in file software\cmsis\Device\ARM\CMSDK_CM0\Source\ARM\startu
p_CMSDK_CM0.s
      At line 181 in file software\cmsis\Device\ARM\CMSDK_CM0\Source\ARM\startu
p_CMSDK_CM0.s

PORT0_12_Handler 00000012

Symbol: PORT0_12_Handler
   Definitions
      At line 213 in file software\cmsis\Device\ARM\CMSDK_CM0\Source\ARM\startu
p_CMSDK_CM0.s
   Uses
      At line 107 in file software\cmsis\Device\ARM\CMSDK_CM0\Source\ARM\startu
p_CMSDK_CM0.s
      At line 182 in file software\cmsis\Device\ARM\CMSDK_CM0\Source\ARM\startu
p_CMSDK_CM0.s

PORT0_13_Handler 00000012

Symbol: PORT0_13_Handler
   Definitions



ARM Macro Assembler    Page 3 Alphabetic symbol ordering
Relocatable symbols

      At line 214 in file software\cmsis\Device\ARM\CMSDK_CM0\Source\ARM\startu
p_CMSDK_CM0.s
   Uses
      At line 108 in file software\cmsis\Device\ARM\CMSDK_CM0\Source\ARM\startu
p_CMSDK_CM0.s
      At line 183 in file software\cmsis\Device\ARM\CMSDK_CM0\Source\ARM\startu
p_CMSDK_CM0.s

PORT0_14_Handler 00000012

Symbol: PORT0_14_Handler
   Definitions
      At line 215 in file software\cmsis\Device\ARM\CMSDK_CM0\Source\ARM\startu
p_CMSDK_CM0.s
   Uses
      At line 109 in file software\cmsis\Device\ARM\CMSDK_CM0\Source\ARM\startu
p_CMSDK_CM0.s
      At line 184 in file software\cmsis\Device\ARM\CMSDK_CM0\Source\ARM\startu
p_CMSDK_CM0.s

PORT0_15_Handler 00000012

Symbol: PORT0_15_Handler
   Definitions
      At line 216 in file software\cmsis\Device\ARM\CMSDK_CM0\Source\ARM\startu
p_CMSDK_CM0.s
   Uses
      At line 110 in file software\cmsis\Device\ARM\CMSDK_CM0\Source\ARM\startu
p_CMSDK_CM0.s
      At line 185 in file software\cmsis\Device\ARM\CMSDK_CM0\Source\ARM\startu
p_CMSDK_CM0.s

PORT0_1_Handler 00000012

Symbol: PORT0_1_Handler
   Definitions
      At line 202 in file software\cmsis\Device\ARM\CMSDK_CM0\Source\ARM\startu
p_CMSDK_CM0.s
   Uses
      At line 96 in file software\cmsis\Device\ARM\CMSDK_CM0\Source\ARM\startup
_CMSDK_CM0.s
      At line 171 in file software\cmsis\Device\ARM\CMSDK_CM0\Source\ARM\startu
p_CMSDK_CM0.s

PORT0_2_Handler 00000012

Symbol: PORT0_2_Handler
   Definitions
      At line 203 in file software\cmsis\Device\ARM\CMSDK_CM0\Source\ARM\startu
p_CMSDK_CM0.s
   Uses
      At line 97 in file software\cmsis\Device\ARM\CMSDK_CM0\Source\ARM\startup
_CMSDK_CM0.s
      At line 172 in file software\cmsis\Device\ARM\CMSDK_CM0\Source\ARM\startu
p_CMSDK_CM0.s

PORT0_3_Handler 00000012

Symbol: PORT0_3_Handler



ARM Macro Assembler    Page 4 Alphabetic symbol ordering
Relocatable symbols

   Definitions
      At line 204 in file software\cmsis\Device\ARM\CMSDK_CM0\Source\ARM\startu
p_CMSDK_CM0.s
   Uses
      At line 98 in file software\cmsis\Device\ARM\CMSDK_CM0\Source\ARM\startup
_CMSDK_CM0.s
      At line 173 in file software\cmsis\Device\ARM\CMSDK_CM0\Source\ARM\startu
p_CMSDK_CM0.s

PORT0_4_Handler 00000012

Symbol: PORT0_4_Handler
   Definitions
      At line 205 in file software\cmsis\Device\ARM\CMSDK_CM0\Source\ARM\startu
p_CMSDK_CM0.s
   Uses
      At line 99 in file software\cmsis\Device\ARM\CMSDK_CM0\Source\ARM\startup
_CMSDK_CM0.s
      At line 174 in file software\cmsis\Device\ARM\CMSDK_CM0\Source\ARM\startu
p_CMSDK_CM0.s

PORT0_5_Handler 00000012

Symbol: PORT0_5_Handler
   Definitions
      At line 206 in file software\cmsis\Device\ARM\CMSDK_CM0\Source\ARM\startu
p_CMSDK_CM0.s
   Uses
      At line 100 in file software\cmsis\Device\ARM\CMSDK_CM0\Source\ARM\startu
p_CMSDK_CM0.s
      At line 175 in file software\cmsis\Device\ARM\CMSDK_CM0\Source\ARM\startu
p_CMSDK_CM0.s

PORT0_6_Handler 00000012

Symbol: PORT0_6_Handler
   Definitions
      At line 207 in file software\cmsis\Device\ARM\CMSDK_CM0\Source\ARM\startu
p_CMSDK_CM0.s
   Uses
      At line 101 in file software\cmsis\Device\ARM\CMSDK_CM0\Source\ARM\startu
p_CMSDK_CM0.s
      At line 176 in file software\cmsis\Device\ARM\CMSDK_CM0\Source\ARM\startu
p_CMSDK_CM0.s

PORT0_7_Handler 00000012

Symbol: PORT0_7_Handler
   Definitions
      At line 208 in file software\cmsis\Device\ARM\CMSDK_CM0\Source\ARM\startu
p_CMSDK_CM0.s
   Uses
      At line 102 in file software\cmsis\Device\ARM\CMSDK_CM0\Source\ARM\startu
p_CMSDK_CM0.s
      At line 177 in file software\cmsis\Device\ARM\CMSDK_CM0\Source\ARM\startu
p_CMSDK_CM0.s

PORT0_8_Handler 00000012




ARM Macro Assembler    Page 5 Alphabetic symbol ordering
Relocatable symbols

Symbol: PORT0_8_Handler
   Definitions
      At line 209 in file software\cmsis\Device\ARM\CMSDK_CM0\Source\ARM\startu
p_CMSDK_CM0.s
   Uses
      At line 103 in file software\cmsis\Device\ARM\CMSDK_CM0\Source\ARM\startu
p_CMSDK_CM0.s
      At line 178 in file software\cmsis\Device\ARM\CMSDK_CM0\Source\ARM\startu
p_CMSDK_CM0.s

PORT0_9_Handler 00000012

Symbol: PORT0_9_Handler
   Definitions
      At line 210 in file software\cmsis\Device\ARM\CMSDK_CM0\Source\ARM\startu
p_CMSDK_CM0.s
   Uses
      At line 104 in file software\cmsis\Device\ARM\CMSDK_CM0\Source\ARM\startu
p_CMSDK_CM0.s
      At line 179 in file software\cmsis\Device\ARM\CMSDK_CM0\Source\ARM\startu
p_CMSDK_CM0.s

PORT0_COMB_Handler 00000012

Symbol: PORT0_COMB_Handler
   Definitions
      At line 192 in file software\cmsis\Device\ARM\CMSDK_CM0\Source\ARM\startu
p_CMSDK_CM0.s
   Uses
      At line 85 in file software\cmsis\Device\ARM\CMSDK_CM0\Source\ARM\startup
_CMSDK_CM0.s
      At line 161 in file software\cmsis\Device\ARM\CMSDK_CM0\Source\ARM\startu
p_CMSDK_CM0.s

PORT1_COMB_Handler 00000012

Symbol: PORT1_COMB_Handler
   Definitions
      At line 193 in file software\cmsis\Device\ARM\CMSDK_CM0\Source\ARM\startu
p_CMSDK_CM0.s
   Uses
      At line 86 in file software\cmsis\Device\ARM\CMSDK_CM0\Source\ARM\startup
_CMSDK_CM0.s
      At line 162 in file software\cmsis\Device\ARM\CMSDK_CM0\Source\ARM\startu
p_CMSDK_CM0.s

PendSV_Handler 0000000E

Symbol: PendSV_Handler
   Definitions
      At line 146 in file software\cmsis\Device\ARM\CMSDK_CM0\Source\ARM\startu
p_CMSDK_CM0.s
   Uses
      At line 77 in file software\cmsis\Device\ARM\CMSDK_CM0\Source\ARM\startup
_CMSDK_CM0.s
      At line 147 in file software\cmsis\Device\ARM\CMSDK_CM0\Source\ARM\startu
p_CMSDK_CM0.s

Reset_Handler 00000000



ARM Macro Assembler    Page 6 Alphabetic symbol ordering
Relocatable symbols


Symbol: Reset_Handler
   Definitions
      At line 120 in file software\cmsis\Device\ARM\CMSDK_CM0\Source\ARM\startu
p_CMSDK_CM0.s
   Uses
      At line 64 in file software\cmsis\Device\ARM\CMSDK_CM0\Source\ARM\startup
_CMSDK_CM0.s
      At line 121 in file software\cmsis\Device\ARM\CMSDK_CM0\Source\ARM\startu
p_CMSDK_CM0.s

SVC_Handler 0000000C

Symbol: SVC_Handler
   Definitions
      At line 142 in file software\cmsis\Device\ARM\CMSDK_CM0\Source\ARM\startu
p_CMSDK_CM0.s
   Uses
      At line 74 in file software\cmsis\Device\ARM\CMSDK_CM0\Source\ARM\startup
_CMSDK_CM0.s
      At line 143 in file software\cmsis\Device\ARM\CMSDK_CM0\Source\ARM\startu
p_CMSDK_CM0.s

SysTick_Handler 00000010

Symbol: SysTick_Handler
   Definitions
      At line 150 in file software\cmsis\Device\ARM\CMSDK_CM0\Source\ARM\startu
p_CMSDK_CM0.s
   Uses
      At line 78 in file software\cmsis\Device\ARM\CMSDK_CM0\Source\ARM\startup
_CMSDK_CM0.s
      At line 151 in file software\cmsis\Device\ARM\CMSDK_CM0\Source\ARM\startu
p_CMSDK_CM0.s

TIMER0_Handler 00000012

Symbol: TIMER0_Handler
   Definitions
      At line 194 in file software\cmsis\Device\ARM\CMSDK_CM0\Source\ARM\startu
p_CMSDK_CM0.s
   Uses
      At line 87 in file software\cmsis\Device\ARM\CMSDK_CM0\Source\ARM\startup
_CMSDK_CM0.s
      At line 163 in file software\cmsis\Device\ARM\CMSDK_CM0\Source\ARM\startu
p_CMSDK_CM0.s

TIMER1_Handler 00000012

Symbol: TIMER1_Handler
   Definitions
      At line 195 in file software\cmsis\Device\ARM\CMSDK_CM0\Source\ARM\startu
p_CMSDK_CM0.s
   Uses
      At line 88 in file software\cmsis\Device\ARM\CMSDK_CM0\Source\ARM\startup
_CMSDK_CM0.s
      At line 164 in file software\cmsis\Device\ARM\CMSDK_CM0\Source\ARM\startu
p_CMSDK_CM0.s




ARM Macro Assembler    Page 7 Alphabetic symbol ordering
Relocatable symbols

UARTOVF0_Handler 00000012

Symbol: UARTOVF0_Handler
   Definitions
      At line 197 in file software\cmsis\Device\ARM\CMSDK_CM0\Source\ARM\startu
p_CMSDK_CM0.s
   Uses
      At line 91 in file software\cmsis\Device\ARM\CMSDK_CM0\Source\ARM\startup
_CMSDK_CM0.s
      At line 166 in file software\cmsis\Device\ARM\CMSDK_CM0\Source\ARM\startu
p_CMSDK_CM0.s

UARTOVF1_Handler 00000012

Symbol: UARTOVF1_Handler
   Definitions
      At line 198 in file software\cmsis\Device\ARM\CMSDK_CM0\Source\ARM\startu
p_CMSDK_CM0.s
   Uses
      At line 92 in file software\cmsis\Device\ARM\CMSDK_CM0\Source\ARM\startup
_CMSDK_CM0.s
      At line 167 in file software\cmsis\Device\ARM\CMSDK_CM0\Source\ARM\startu
p_CMSDK_CM0.s

UARTOVF2_Handler 00000012

Symbol: UARTOVF2_Handler
   Definitions
      At line 199 in file software\cmsis\Device\ARM\CMSDK_CM0\Source\ARM\startu
p_CMSDK_CM0.s
   Uses
      At line 93 in file software\cmsis\Device\ARM\CMSDK_CM0\Source\ARM\startup
_CMSDK_CM0.s
      At line 168 in file software\cmsis\Device\ARM\CMSDK_CM0\Source\ARM\startu
p_CMSDK_CM0.s

UARTRX0_Handler 00000012

Symbol: UARTRX0_Handler
   Definitions
      At line 186 in file software\cmsis\Device\ARM\CMSDK_CM0\Source\ARM\startu
p_CMSDK_CM0.s
   Uses
      At line 79 in file software\cmsis\Device\ARM\CMSDK_CM0\Source\ARM\startup
_CMSDK_CM0.s
      At line 155 in file software\cmsis\Device\ARM\CMSDK_CM0\Source\ARM\startu
p_CMSDK_CM0.s

UARTRX1_Handler 00000012

Symbol: UARTRX1_Handler
   Definitions
      At line 188 in file software\cmsis\Device\ARM\CMSDK_CM0\Source\ARM\startu
p_CMSDK_CM0.s
   Uses
      At line 81 in file software\cmsis\Device\ARM\CMSDK_CM0\Source\ARM\startup
_CMSDK_CM0.s
      At line 157 in file software\cmsis\Device\ARM\CMSDK_CM0\Source\ARM\startu
p_CMSDK_CM0.s



ARM Macro Assembler    Page 8 Alphabetic symbol ordering
Relocatable symbols


UARTRX2_Handler 00000012

Symbol: UARTRX2_Handler
   Definitions
      At line 190 in file software\cmsis\Device\ARM\CMSDK_CM0\Source\ARM\startu
p_CMSDK_CM0.s
   Uses
      At line 83 in file software\cmsis\Device\ARM\CMSDK_CM0\Source\ARM\startup
_CMSDK_CM0.s
      At line 159 in file software\cmsis\Device\ARM\CMSDK_CM0\Source\ARM\startu
p_CMSDK_CM0.s

UARTTX0_Handler 00000012

Symbol: UARTTX0_Handler
   Definitions
      At line 187 in file software\cmsis\Device\ARM\CMSDK_CM0\Source\ARM\startu
p_CMSDK_CM0.s
   Uses
      At line 80 in file software\cmsis\Device\ARM\CMSDK_CM0\Source\ARM\startup
_CMSDK_CM0.s
      At line 156 in file software\cmsis\Device\ARM\CMSDK_CM0\Source\ARM\startu
p_CMSDK_CM0.s

UARTTX1_Handler 00000012

Symbol: UARTTX1_Handler
   Definitions
      At line 189 in file software\cmsis\Device\ARM\CMSDK_CM0\Source\ARM\startu
p_CMSDK_CM0.s
   Uses
      At line 82 in file software\cmsis\Device\ARM\CMSDK_CM0\Source\ARM\startup
_CMSDK_CM0.s
      At line 158 in file software\cmsis\Device\ARM\CMSDK_CM0\Source\ARM\startu
p_CMSDK_CM0.s

UARTTX2_Handler 00000012

Symbol: UARTTX2_Handler
   Definitions
      At line 191 in file software\cmsis\Device\ARM\CMSDK_CM0\Source\ARM\startu
p_CMSDK_CM0.s
   Uses
      At line 84 in file software\cmsis\Device\ARM\CMSDK_CM0\Source\ARM\startup
_CMSDK_CM0.s
      At line 160 in file software\cmsis\Device\ARM\CMSDK_CM0\Source\ARM\startu
p_CMSDK_CM0.s

__user_initial_stackheap 00000014

Symbol: __user_initial_stackheap
   Definitions
      At line 237 in file software\cmsis\Device\ARM\CMSDK_CM0\Source\ARM\startu
p_CMSDK_CM0.s
   Uses
      At line 235 in file software\cmsis\Device\ARM\CMSDK_CM0\Source\ARM\startu
p_CMSDK_CM0.s
Comment: __user_initial_stackheap used once



ARM Macro Assembler    Page 9 Alphabetic symbol ordering
Relocatable symbols

40 symbols



ARM Macro Assembler    Page 1 Alphabetic symbol ordering
Absolute symbols

Heap_Size 00000100

Symbol: Heap_Size
   Definitions
      At line 44 in file software\cmsis\Device\ARM\CMSDK_CM0\Source\ARM\startup
_CMSDK_CM0.s
   Uses
      At line 48 in file software\cmsis\Device\ARM\CMSDK_CM0\Source\ARM\startup
_CMSDK_CM0.s
      At line 240 in file software\cmsis\Device\ARM\CMSDK_CM0\Source\ARM\startu
p_CMSDK_CM0.s

Stack_Size 00000200

Symbol: Stack_Size
   Definitions
      At line 33 in file software\cmsis\Device\ARM\CMSDK_CM0\Source\ARM\startup
_CMSDK_CM0.s
   Uses
      At line 36 in file software\cmsis\Device\ARM\CMSDK_CM0\Source\ARM\startup
_CMSDK_CM0.s
      At line 239 in file software\cmsis\Device\ARM\CMSDK_CM0\Source\ARM\startu
p_CMSDK_CM0.s

__Vectors_Size 000000C0

Symbol: __Vectors_Size
   Definitions
      At line 113 in file software\cmsis\Device\ARM\CMSDK_CM0\Source\ARM\startu
p_CMSDK_CM0.s
   Uses
      At line 61 in file software\cmsis\Device\ARM\CMSDK_CM0\Source\ARM\startup
_CMSDK_CM0.s
Comment: __Vectors_Size used once
3 symbols



ARM Macro Assembler    Page 1 Alphabetic symbol ordering
External symbols

SystemInit 00000000

Symbol: SystemInit
   Definitions
      At line 122 in file software\cmsis\Device\ARM\CMSDK_CM0\Source\ARM\startu
p_CMSDK_CM0.s
   Uses
      At line 124 in file software\cmsis\Device\ARM\CMSDK_CM0\Source\ARM\startu
p_CMSDK_CM0.s
Comment: SystemInit used once
__main 00000000

Symbol: __main
   Definitions
      At line 123 in file software\cmsis\Device\ARM\CMSDK_CM0\Source\ARM\startu
p_CMSDK_CM0.s
   Uses
      At line 126 in file software\cmsis\Device\ARM\CMSDK_CM0\Source\ARM\startu
p_CMSDK_CM0.s
Comment: __main used once
__use_two_region_memory 00000000

Symbol: __use_two_region_memory
   Definitions
      At line 234 in file software\cmsis\Device\ARM\CMSDK_CM0\Source\ARM\startu
p_CMSDK_CM0.s
   Uses
      None
Comment: __use_two_region_memory unused
3 symbols
393 symbols in table
